<?xml version="1.0" encoding="UTF-8"?>
<!-- Generated by org.testng.reporters.JUnitXMLReporter -->
<testsuite ignored="0" hostname="DESKTOP-VIQ3VA0" failures="0" tests="2" name="Negative Login - locked_out_user" time="0.004" errors="0" timestamp="2026-05-03T21:26:09 WIB">
  <testcase classname="tests.NegativeLoginTest" name="test06_NegativeLogin_LockedOutUser_NameAndXPath" time="0.0">
    <skipped/>
  </testcase> <!-- test06_NegativeLogin_LockedOutUser_NameAndXPath -->
  <testcase classname="tests.NegativeLoginTest" name="test07_NegativeLogin_LockedOutUser_XPathAxes" time="0.0">
    <skipped/>
  </testcase> <!-- test07_NegativeLogin_LockedOutUser_XPathAxes -->
</testsuite> <!-- Negative Login - locked_out_user -->
